         w __deregister_frame_info
         w __register_frame_info
         w __syscall_lock_close_recursive
         w userAppExit
         w userAppInit
00000000 00000401 B __ctru_dev_path_buf
00000000 b _TLS_MODULE_BASE_
00000000 a shift
00000000 a shift
00000404 00000802 B __ctru_dev_utf16_buf
00100000 A __start__
00100000 T _start
00100008 T __service_ptr
0010000c T __apt_appid
00100010 T __heap_size
00100014 T __linear_heap_size
00100018 T __system_arglist
0010001c T __system_runflags
00100020 t startup
00100058 t ClearMem
0010006c t ClrLoop
00100094 T _init
001000ac T __aeabi_idiv
001000ac 00000220 T __divsi3
001000b4 t .divsi3_skip_div0_test
001002cc 00000020 T __aeabi_idivmod
001002ec 00000004 W __aeabi_idiv0
001002ec 00000004 W __aeabi_ldiv0
001002f0 T __aeabi_uldivmod
00100348 00000390 T strcmp
001006d0 t .udivsi3_skip_div0_test
001006d0 T __aeabi_uidiv
001006d0 000001ec T __udivsi3
001008bc 00000020 T __aeabi_uidivmod
001008dc T __aeabi_drsub
001008e4 000002b0 T __aeabi_dsub
001008e4 000002b0 T __subdf3
001008e8 000002ac T __adddf3
001008e8 000002ac T __aeabi_dadd
00100b94 00000024 T __aeabi_ui2d
00100b94 00000024 T __floatunsidf
00100bb8 00000028 T __aeabi_i2d
00100bb8 00000028 T __floatsidf
00100be0 00000048 T __aeabi_f2d
00100be0 00000048 T __extendsfdf2
00100c28 00000074 T __aeabi_ul2d
00100c28 00000074 T __floatundidf
00100c3c 00000060 T __aeabi_l2d
00100c3c 00000060 T __floatdidf
00100c9c t __do_global_dtors_aux
00100cdc t frame_dummy
00100d08 00000318 T main
00101020 00000204 t parseColor
00101224 000001ac T consoleDrawChar
001013d0 00000124 T consolePrintChar
001014f4 00000b00 T con_write
00101ff4 000000f4 t newRow
001020e8 00000168 T consoleInit
00102250 000000d0 t gfxPresentFramebuffer
00102320 0000001c T gfxIsWide
0010233c 000000ec T gfxSetScreenFormat
00102428 00000010 T gfxSetDoubleBuffering
00102438 000000e8 T gfxInit
00102520 00000010 T gfxInitDefault
00102530 000000b4 T gfxExit
001025e4 000000a0 T gfxGetFramebuffer
00102684 0000010c T gfxFlushBuffers
00102790 00000050 T gfxSwapBuffers
001027e0 00000050 T gfxSwapBuffersGpu
00102830 00000c58 t gspHardwareInit
00103488 0000024c T gspInit
001036d4 000000f0 T gspExit
001037c4 00000010 T gspHasGpuRight
001037d4 000000a0 T gspPresentBuffer
00103874 00000050 T gspWaitForEvent
001038c4 00000004 W gxCmdQueueInterrupt
001038c8 00000160 t gspEventThreadMain
00103a28 00000050 T GSPGPU_FlushDataCache
00103a78 00000034 T GSPGPU_SetLcdForceBlack
00103aac 00000068 T GSPGPU_AcquireRight
00103b14 00000048 T GSPGPU_ReleaseRight
00103b5c 0000007c T GSPGPU_ImportDisplayCaptureInfo
00103bd8 0000002c T GSPGPU_SaveVramSysArea
00103c04 0000002c T GSPGPU_RestoreVramSysArea
00103c30 000001b0 t aptConvertScreenForCapture
00103de0 00000008 W aptDspSleep
00103de8 00000004 W aptDspWakeup
00103dec 00000004 W aptDspCancel
00103df0 0000015c T aptSendCommand
00103f4c 00000038 t aptExitProcess
00103f84 000002f0 T aptExit
00104274 000000d8 T aptHandleSleep
0010434c 00000084 T APT_SleepIfShellClosed
001043d0 00000084 T aptSetSleepAllowed
00104454 00000084 T APT_UnlockTransition
001044d8 00000484 t aptEventHandler
0010495c 000000b0 T APT_ReceiveParameter
00104a0c 000000b0 t aptReceiveParameter.constprop.0
00104ac0 000002bc t aptScreenTransfer
00104d7c 00000374 t aptWaitForWakeUp.isra.0
001050f0 000000f8 T aptJumpToHomeMenu
001051e8 0000004c T aptMainLoop
00105234 00000234 T aptInit
00105468 0000007c T APT_CheckNew3DS
001054e4 00000024 W hidShouldUseIrrst
00105508 0000018c T hidInit
00105694 000000e8 T hidExit
0010577c 000002a4 T hidScanInput
00105a20 00000010 T hidKeysHeld
00105a30 00000010 T hidKeysDown
00105a40 00000018 T hidTouchRead
00105a58 00000038 W __libctru_init
00105a90 00000168 W __system_initArgv
00105bf8 T svcControlMemory
00105c18 T svcQueryMemory
00105c48 T svcExitProcess
00105c50 T svcCreateThread
00105c70 T svcExitThread
00105c78 T svcSleepThread
00105c80 T svcReleaseMutex
00105c88 T svcCreateEvent
00105c9c T svcSignalEvent
00105ca4 T svcClearEvent
00105cac T svcMapMemoryBlock
00105cb4 T svcUnmapMemoryBlock
00105cbc T svcCreateAddressArbiter
00105cd0 T svcArbitrateAddressNoTimeout
00105cd8 T svcCloseHandle
00105ce0 T svcWaitSynchronization
00105ce8 T svcWaitSynchronizationN
00105d10 T svcDuplicateHandle
00105d24 T svcConnectToPort
00105d38 T svcSendSyncRequest
00105d40 T svcGetResourceLimit
00105d54 T svcGetResourceLimitLimitValues
00105d5c T svcGetResourceLimitCurrentValues
00105d64 T svcBreak
00105d6c W initSystem
00105dbc W __ctru_exit
00105dd4 00000024 t addrMapNodeComparator(rbtree_node const*, rbtree_node const*)
00105df8 00000004 t addrMapNodeDestructor(rbtree_node*)
00105dfc 00000258 T vramMemAlignAt
00106054 0000000c T vramAlloc
00106060 00000090 T vramFree
001060f0 00000024 t addrMapNodeComparator(rbtree_node const*, rbtree_node const*)
00106114 00000004 t addrMapNodeDestructor(rbtree_node*)
00106118 00000130 T linearMemAlign
00106248 00000008 T linearAlloc
00106250 0000005c T linearFree
001062ac 00000080 T MemPool::CoalesceRight(MemBlock*)
0010632c 00000174 T MemPool::Allocate(MemChunk&, unsigned long, int)
001064a0 000000fc T MemPool::Deallocate(MemChunk const&)
0010659c 00000030 T MemPool::GetFreeSpace()
001065cc 0000000c T __sync_init
001065d8 00000018 T __sync_fini
001065f0 0000002c T syncArbitrateAddress
0010661c 00000094 T LightLock_Lock
001066b0 00000040 T LightLock_Unlock
001066f0 00000024 T RecursiveLock_Init
00106714 00000030 T RecursiveLock_Lock
00106744 00000054 T RecursiveLock_Unlock
00106798 00000040 T LightEvent_Init
001067d8 000000a4 T LightEvent_Clear
0010687c 000000c8 T LightEvent_Signal
00106944 00000058 T LightEvent_TryWait
0010699c 000000b0 T LightEvent_Wait
00106a4c 00000034 T __ctru_speedup_config
00106a80 00000124 T srvInit
00106ba4 00000058 T srvExit
00106bfc 00000080 T srvGetServiceHandleDirect
00106c7c 00000048 T srvGetServiceHandle
00106cc4 00000038 T srvPublishToSubscriber
00106cfc 00000188 T threadCreate
00106e84 0000002c T threadFree
00106eb0 00000024 T threadJoin
00106ed4 00000030 T threadGetCurrent
00106f04 00000040 T threadExit
00106f44 00000044 t _thread_begin
00106f88 00000094 t mappableFindAddressWithin
0010701c 00000028 T mappableInit
00107044 00000080 T mappableAlloc
001070c4 00000004 T mappableFree
001070c8 00000160 T irrstInit
00107228 000000cc T irrstExit
001072f4 000000b4 T irrstScanInput
001073a8 00000024 T irrstKeysHeld
001073cc 0000000c T srvPmGetSessionHandle
001073d8 00000074 T ptmSysmInit
0010744c 0000003c T ptmSysmExit
00107488 00000034 T PTMSYSM_ConfigureNew3DSCPU
001074bc 00000010 T rbtree_init
001074cc 000001a8 t do_insert
00107674 00000008 T rbtree_insert
0010767c 00000090 T rbtree_rotate
0010770c 00000338 T rbtree_remove
00107a44 00000074 T rbtree_find
00107ab8 00000030 W __appInit
00107ae8 00000030 T __syscall_getreent
00107b18 00000004 T __syscall_lock_acquire
00107b1c 00000004 T __syscall_lock_release
00107b20 00000004 T __syscall_lock_init_recursive
00107b24 00000004 T __syscall_lock_acquire_recursive
00107b28 00000004 T __syscall_lock_release_recursive
00107b2c 00000004 T __syscall_exit
00107b30 00000060 T __system_initSyscalls
00107b90 000001e0 W __system_allocateHeaps
00107d70 00000030 W __appExit
00107da0 00000090 W __libctru_exit
00107e30 00000084 W envGetHandle
00107eb4 00000050 W envDestroyHandles
00107f04 00000014 t archive_link
00107f18 00000014 t archive_dirreset
00107f2c 00000014 t archive_chmod
00107f40 00000024 t error_cmp
00107f64 00000050 t archive_translate_error
00107fb4 000000d4 t archive_seek
00108088 0000007c t _archiveInit.part.0
00108104 0000008c t archiveFindDevice.part.0
00108190 00000260 t archive_utf16path
001083f0 000000a0 t _archiveUnmountDeviceStruct.part.0
00108490 00000014 t archive_fchmod
001084a4 00000014 t archive_statvfs
001084b8 00000158 t _archiveMountDevice
00108610 000000e8 t archive_diropen
001086f8 000000a4 t archive_fstat
0010879c 0000006c t archive_close
00108808 0000006c t archive_fsync
00108874 00000070 t archive_dirclose
001088e4 000000e8 t sdmc_statvfs
001089cc 00000080 t archive_ftruncate
00108a4c 000000fc t archive_chdir
00108b48 000000b0 t archive_read
00108bf8 000000ac t archive_unlink
00108ca4 000000c8 t archive_rmdir
00108d6c 000000ec t archive_mkdir
00108e58 000001a8 t archive_stat
00109000 0000026c t archive_rename
0010926c 00000168 t archive_dirnext
001093d4 0000012c t archive_write
00109500 000001e8 t archive_open
001096e8 000001a4 T archiveMountSdmc
0010988c 00000054 T archiveUnmountAll
001098e0 000000c8 T fsInit
001099a8 0000003c T fsExit
001099e4 00000060 T fsExemptFromSession
00109a44 00000050 T fsUnexemptFromSession
00109a94 000000cc T FSUSER_OpenFile
00109b60 000000bc T FSUSER_DeleteFile
00109c1c 000000f8 T FSUSER_RenameFile
00109d14 000000bc T FSUSER_DeleteDirectory
00109dd0 000000d4 T FSUSER_CreateFile
00109ea4 000000c4 T FSUSER_CreateDirectory
00109f68 000000f8 T FSUSER_RenameDirectory
0010a060 000000b4 T FSUSER_OpenDirectory
0010a114 00000094 T FSUSER_OpenArchive
0010a1a8 0000008c T FSUSER_CloseArchive
0010a234 00000074 T FSUSER_GetSdmcArchiveResource
0010a2a8 00000064 T FSUSER_IsSdmcWritable
0010a30c 00000058 T FSFILE_Read
0010a364 00000060 T FSFILE_Write
0010a3c4 00000038 T FSFILE_GetSize
0010a3fc 00000028 T FSFILE_SetSize
0010a424 0000003c T FSFILE_Close
0010a460 00000024 T FSFILE_Flush
0010a484 00000050 T FSDIR_Read
0010a4d4 0000003c T FSDIR_Close
0010a510 00000058 T rbtree_node_next
0010a568 000000e8 T utf16_to_utf8
0010a650 00000064 T decode_utf16
0010a6b4 0000013c T decode_utf8
0010a7f0 000000c0 T utf8_to_utf16
0010a8b0 T __aeabi_read_tp
0010a8bc 00000060 T encode_utf16
0010a91c 000000fc T encode_utf8
0010aa18 00000120 T __udivmoddi4
0010ab38 00000078 T bsearch
0010abb0 0000000c T __errno
0010abbc 00000034 T exit
0010abf0 00000258 T __sflush_r
0010ae48 00000094 T _fflush_r
0010aedc 0000000c T _cleanup_r
0010aee8 00000184 T __sinit
0010b06c 0000000c T __sfp_lock_acquire
0010b078 0000000c T __sfp_lock_release
0010b084 0000003c T __libc_fini_array
0010b0c0 000000f8 T _malloc_trim_r
0010b1b8 000002e4 T _free_r
0010b49c 00000070 T _fwalk_reent
0010b50c 0000007c T __libc_init_array
0010b588 00000028 T memalign
0010b5b0 00000150 T _memalign_r
0010b700 00000020 T malloc
0010b720 00000020 T free
0010b740 000007e0 T _malloc_r
0010bf20 000000e0 T memchr
0010c000 0000011c T memcpy
0010c11c 00000118 T memset
0010c234 0000000c T __malloc_lock
0010c240 0000000c T __malloc_unlock
0010c24c 00000034 T printf
0010c280 00000260 T setvbuf
0010c4e0 00000074 T sscanf
0010c554 00000044 T __sread
0010c598 00000008 T __seofread
0010c5a0 00000068 T __swrite
0010c608 00000048 T __sseek
0010c650 00000008 T __sclose
0010c658 0000005c T strlen
0010c6b4 000000ec T strncat
0010c7a0 000000dc T strncmp
0010c87c 000000c0 T strncpy
0010c93c 00000048 T strnlen
0010c984 000001c4 t _strtoul_l.constprop.0
0010cb48 00000004 T _strtoul_r
0010cb4c 00000030 T strtoul
0010cb7c 00000050 t get_arg
0010cbcc 00002bbc T __ssvfscanf_r
0010f788 00000628 t get_arg
0010fdb0 00003684 T _vfprintf_r
00113434 000000d4 t __sbprintf
00113508 00000054 T _wcrtomb_r
0011355c 00000028 T _wcsrtombs_r
00113584 00000154 T __swsetup_r
001136d8 00000114 T __call_exitprocs
001137ec 000001ac t quorem
00113998 000012cc T _dtoa_r
00114c64 00000160 T _fclose_r
00114dc4 00000008 T iswspace
00114dcc 0000000c T _localeconv_r
00114dd8 00000010 T __locale_mb_cur_max
00114de8 00000138 T __smakebuf_r
00114f20 0000008c T __swhatbuf_r
00114fac 00000068 T _mbrtowc_r
00115014 000002e4 T __utf8_mbtowc
001152f8 00000088 T _Balloc
00115380 0000001c T _Bfree
0011539c 000000f4 T __multadd
00115490 00000110 T __s2b
001155a0 00000058 T __hi0bits
001155f8 00000094 T __lo0bits
0011568c 000000a4 T __i2b
00115730 00000204 T __multiply
00115934 00000120 T __pow5mult
00115a54 0000013c T __lshift
00115b90 00000058 T __mcmp
00115be8 000001cc T __mdiff
00115db4 00000074 T __ulp
00115e28 000000d0 T __b2d
00115ef8 00000124 T __d2b
0011601c 00000078 T __ratio
00116094 00000088 T __copybits
0011611c 0000005c T __any_on
00116178 00000028 T realloc
001161a0 00000558 T _realloc_r
001166f8 000000e4 T __sccl
001167dc 0000000c T nanf
001167e8 000000a8 T frexp
00116890 00000064 T sprintf
001168f4 000000b8 T stpncpy
001169ac 0000012c T strchr
00116ad8 00001368 T _strtod_l
00117e40 0000000c T _strtod_r
00117e4c 0000022c t _strtoll_l.constprop.0
00118078 00000004 T _strtoll_r
0011807c 000001a4 t _strtol_l.part.0
00118220 0000003c T _strtol_r
0011825c 00000244 t _strtoull_l.constprop.0
001184a0 00000004 T _strtoull_r
001184a4 00000190 T __ssprint_r
00118634 000000e0 T _sungetc_r
00118714 0000006c T __ssrefill_r
00118780 000000c8 T _sfread_r
00118848 00000628 t get_arg
00118e70 000035b8 T _svfprintf_r
0011c428 000000a8 T __submore
0011c4d0 00000628 t get_arg
0011caf8 00000030 T __sprint_r
0011cb28 0000233c T _vfiprintf_r
0011ee64 000000d4 t __sbprintf
0011ef38 00000190 T _wcsnrtombs_l
0011f0c8 0000004c T _wcsnrtombs_r
0011f114 000000f0 T __utf8_wctomb
0011f204 00000054 T __assert_func
0011f258 000000bc T _calloc_r
0011f314 0000003c T fiprintf
0011f350 000004c0 T __sfvwrite_r
0011f810 000000ec t rshift
0011f8fc 00000904 T __gethex
00120200 0000004c T __match
0012024c 0000029c T __hexnan
001204e8 0000003c T iswspace_l
00120524 000001d4 t __jp2uc
001206f8 0000009c T _jp2uc_l
00120794 00000154 T memmove
001208e8 00000010 T nan
001208f8 00000014 T abort
0012090c 00000084 T category
00120990 00000098 T _raise_r
00120a28 00000020 T raise
00120a48 00000008 t null_write
00120a50 00000018 T setDefaultDevice
00120a68 000000c8 T FindDevice
00120b30 00000028 T RemoveDevice
00120b58 0000009c T AddDevice
00120bf4 00000020 T GetDeviceOpTab
00120c14 00000078 T _fstat_r
00120c8c 00000014 T _getpid_r
00120ca0 00000008 T _isatty_r
00120ca8 00000014 T _kill_r
00120cbc 00000084 T _lseek_r
00120d40 00000080 T _read_r
00120dc0 00000078 T _sbrk_r
00120e38 00000080 T _write_r
00120eb8 00000020 T _exit
00120ed8 000001b8 T _concatenate_path
00121090 00000160 T chdir
001211f0 00000008 T __flockfile
001211f8 00000008 T __funlockfile
00121200 0000003c T __get_handle
0012123c 000000f4 T _close_r
00121330 0000002c T __getreent
0012135c 0000001c T __libc_lock_acquire
00121378 0000001c T __libc_lock_release
00121394 0000001c T __libc_lock_init_recursive
001213b0 0000001c T __libc_lock_acquire_recursive
001213cc 0000001c T __libc_lock_release_recursive
001213e8 0000001c T __libc_lock_close_recursive
00121404 00000038 T __aeabi_d2lz
00121404 00000038 T __fixdfdi
00121440 00000040 T __aeabi_d2ulz
00121440 00000040 T __fixunsdfdi
00121480 00000044 T strrchr
001214c4 T _fini
00122420 00000006 r colorCube
00122428 00000030 r colorTable
00122458 00000070 r dotab_stdout
001224c8 00000018 r grayScale
00122504 00000008 r morton_x.3
0012250c 00000008 r morton_y.2
00122514 00000008 r s_sleepWakeEvents.4
00122540 R default_font_bin
00122d40 R default_font_bin_end
00122d78 00000070 r archive_devoptab
00122de8 00000030 r error_table
00122e20 00000004 R _global_impure_ptr
00122e2c 00000022 r basefix.0
00122e8c 00000010 r blanks.1
00122e9c 00000010 r zeroes.0
00122eac 00000101 R _ctype_
00122fc0 r .LC2
001230a0 00000028 R __mprec_bigtens
001230c8 000000c8 R __mprec_tens
00123190 0000000c r p05.0
001231ac 00000014 r fpi.1
001231c0 00000014 r fpinan.0
001231d8 00000028 r tinytens
00123200 0000006c R __action_table
0012326c 00000100 R __chclass
0012336c 0000006c R __state_table
001233d8 00000010 r blanks.1
001233e8 00000010 r zeroes.0
001233f8 00000010 r blanks.1
00123408 00000010 r zeroes.0
001234a0 00000100 R __hexdig
001235b4 000000bc r a1
00123670 000000bc r a2
0012372c 0000005b r a3
00123788 00000070 r a6
001237f8 000000a2 r a7
0012389c 00000040 r a8
001238dc 0000172a r b02cf
00125008 00001a7c r d02f4
00126a84 0000000c R _C_numeric_locale
00126a90 000031e6 r categories
00129c78 00000070 R dotab_stdnull
00129ce8 r 
00129ce8 R __exidx_end
00129ce8 R __exidx_start
0012a000 00000004 D currentConsole
0012a004 00000048 D defaultConsole
0012a04c 00000001 d firstConsoleInit.0
0012a050 00000004 d kCount
0012a054 00000004 d kDelay
0012a058 00000004 d kInterval
0012a05c W __stacksize__
0012a060 00000004 D _impure_ptr
0012a068 00000460 d impure_data
0012a4c8 00000408 D __malloc_av_
0012a8d0 00000004 D __malloc_sbrk_base
0012a8d4 00000004 D __malloc_trim_threshold
0012a8d8 0000016c D __global_locale
0012aa44 00000002 d numempty
0012aa48 00000004 d defaultDevice
0012aa4c 0000008c D devoptab_list
0012aad8 00000400 d _current_working_directory
0012aed8 0000000c d __stderr_handle
0012aee4 0000000c d __stdin_handle
0012aef0 0000000c d __stdout_handle
0012aefc 00001000 d handles
0012bf04 d _GLOBAL_OFFSET_TABLE_
0012bf10 d __frame_dummy_init_array_entry
0012bf10 D __init_array_start
0012bf10 B __preinit_array_end
0012bf10 B __preinit_array_start
0012bf10 D __tdata_lma
0012bf10 D __tdata_lma_end
0012bf14 d __do_global_dtors_aux_fini_array_entry
0012bf14 D __fini_array_start
0012bf14 D __init_array_end
0012bf18 D __bss_start__
0012bf18 D __fini_array_end
0012bf18 b completed.1
0012bf1c b object.0
0012bf34 00000048 B currentCopy
0012bf7c 00000004 b gfxBottomFramebufferMaxSize
0012bf80 00000008 b gfxBottomFramebuffers
0012bf88 00000002 b gfxCurBuf
0012bf8c 00000002 b gfxFramebufferFormats
0012bf90 00000002 b gfxIsDoubleBuf
0012bf92 00000001 b gfxIsVram
0012bf94 00000004 b gfxTopFramebufferMaxSize
0012bf98 00000008 b gfxTopFramebuffers
0012bfa0 00000001 b gfxTopMode
0012bfa4 00000004 b screenAlloc
0012bfa8 00000004 b screenFree
0012bfac 00000004 b gspEvent
0012bfb0 0000001c b gspEventCb
0012bfcc 0000001c b gspEventCbData
0012bfe8 00000007 b gspEventCbOneShot
0012bff0 00000004 b gspEventThread
0012bff4 00000038 b gspEvents
0012c02c 00000004 b gspGpuHandle
0012c030 00000001 b gspGpuRight
0012c034 00000004 b gspLastEvent
0012c038 00000004 b gspRefCount
0012c03c 00000001 b gspRunEvents
0012c040 00000004 b gspSharedMem
0012c044 00000004 b gspSharedMemHandle
0012c048 00000001 b gspThreadId
0012c049 00000001 b aptChainloadFlags
0012c04a 00000001 b aptChainloadMediatype
0012c050 00000008 b aptChainloadTid
0012c058 00000004 b aptEventHandlerThread
0012c05c 00000001 b aptEventHandlerThreadQuit
0012c060 00000008 b aptEvents
0012c068 0000000c b aptFirstHook
0012c074 00000004 b aptFlags
0012c078 00000001 b aptHomeButtonState
0012c07c 00000004 b aptLockHandle
0012c080 00000004 b aptMessageFunc
0012c084 00000004 b aptMessageFuncData
0012c088 00001000 b aptParameters
0012d088 00000008 b aptReceiveEvent
0012d090 00000004 b aptRefCount
0012d094 00000008 b aptSleepEvent
0012d09c 00000001 b flagInit.1
0012d09d 00000001 b flagValue.0
0012d0a0 00000004 b serviceName.6
0012d0a4 00000006 b aVec
0012d0ac 00000004 b cPos
0012d0b0 00000006 b gRate
0012d0b8 00000014 B hidEvents
0012d0cc 00000004 B hidHandle
0012d0d0 00000004 B hidMemHandle
0012d0d4 00000004 b hidRefCount
0012d0d8 00000004 B hidSharedMem
0012d0dc 00000004 b kDown
0012d0e0 00000004 b kHeld
0012d0e4 00000004 b kOld
0012d0e8 00000004 b kRepeat
0012d0ec 00000004 b kUp
0012d0f0 00000004 b tPos
0012d0f4 00000001 b usingIrrst
0012d0f8 00000004 B __system_retAddr
0012d0fc 00000004 B __system_argc
0012d100 00000004 B __system_argv
0012d104 b saved_stack
0012d10c 00000008 b sVramPoolA
0012d114 00000008 b sVramPoolB
0012d11c 0000000c b sAddrMap
0012d128 00000008 b sLinearPool
0012d130 0000000c b sAddrMap
0012d13c 00000004 b arbiter
0012d140 00000001 V __ctru_speedup
0012d144 00000004 B __3dslink_host
0012d148 00000004 b srvHandle
0012d14c 00000004 b srvRefCount
0012d150 00000004 b currentAddr
0012d154 00000004 b maxAddr
0012d158 00000004 b minAddr
0012d15c 00000004 b csPos
0012d160 00000004 B irrstEvent
0012d164 00000004 B irrstHandle
0012d168 00000004 B irrstMemHandle
0012d16c 00000004 b irrstRefCount
0012d170 00000004 B irrstSharedMem
0012d174 00000004 b kHeld
0012d178 00000004 b srvPmHandle
0012d17c 00000004 b ptmSysmHandle
0012d180 00000004 b ptmSysmRefCount
0012d184 00000004 B __ctru_heap
0012d188 00000004 V __ctru_heap_size
0012d18c 00000004 B __ctru_linear_heap
0012d190 00000004 V __ctru_linear_heap_size
0012d194 00000004 b archive_device_cwd
0012d198 00000540 b archive_devices
0012d6d8 00000001 b archive_initialized
0012d6e0 00000080 b fsExemptArchives
0012d760 00000004 b fsuHandle
0012d764 00000004 b fsuRefCount
0012d768 0000000c b __sfp_recursive_mutex
0012d774 0000000c b __sinit_recursive_mutex
0012d780 00000028 B __malloc_current_mallinfo
0012d7a8 00000004 B __malloc_max_sbrked_mem
0012d7ac 00000004 B __malloc_max_total_mem
0012d7b0 00000004 B __malloc_top_pad
0012d7b4 0000000c b __malloc_recursive_mutex
0012d7c0 0000000c B __atexit_recursive_mutex
0012d7cc 00000004 b heap_start.0
0012d7d0 00000004 B fake_heap_end
0012d7d4 00000004 B fake_heap_start
0012d7d8 00000400 b temp_cwd
0012dbd8 00000004 b __hndl_lock
0012dbdc B __tls_start
0012e7e4 B __bss_end__
0012e7e4 A __end__
0012e7e4 B __tls_end
